
---- Votes and Modules ----
default: |NEUTRAL|
onedamage: |default|MASK|
one: |default|MASK|
SHOW -shown(2)
NEUTRAL -shown(0)
oneid: |default|MASK|
MASK -hidden(1)
--------   Rules   --------
hide: |MASK|MASK|default|MASK|MASK|default|default|default|default|
keep-one: |one|one|default|one|one|default|default|default|default|
keep-oned: |onedamage|onedamage|default|onedamage|onedamage|default|default|default|default|
keep: |default|default|MASK|default|default|MASK|MASK|MASK|MASK|
keep-onei: |oneid|oneid|default|oneid|oneid|default|default|default|default|
show: |SHOW|SHOW|default|SHOW|SHOW|default|default|default|default|
----------------------------------------------------
2870 items registered
41 filters loaded
873 items matched in 97 ms
----------------------------------------------------

- appliedenergistics2 :
	+ biometric_card:                           	hide:[0]/[*Power*]
	+ cable_bus:                                	hide:[0]/[*Power*]
	+ cell_workbench:                           	hide:[0]/[*Power*]
	+ certus_quartz_axe:                        	hide:[0]/[*Power*]
	+ certus_quartz_cutting_knife:              	hide:[0]/[*Power*]
	+ certus_quartz_hoe:                        	hide:[0]/[*Power*]
	+ certus_quartz_pickaxe:                    	hide:[0]/[*Power*]
	+ certus_quartz_spade:                      	hide:[0]/[*Power*]
	+ certus_quartz_sword:                      	hide:[0]/[*Power*]
	+ certus_quartz_wrench:                     	hide:[0]/[*Power*]
	+ charged_quartz_ore:                       	hide:[0]/[*Power*]
	+ charged_staff:                            	hide:[0]/[*Power*]
	+ charger:                                  	hide:[0]/[*Power*]
	+ chest:                                    	hide:[0]/[*Power*]
	+ chiseled_quartz_block:                    	hide:[0]/[*Power*]
	+ chiseled_quartz_slab:                     	hide:[0]/[*Power*]
	+ chiseled_quartz_stairs:                   	hide:[0]/[*Power*]
	+ color_applicator:                         	hide:[0]/[*Power*]
	+ condenser:                                	hide:[0]/[*Power*]
	+ controller:                               	hide:[0]/[*Power*]
	+ crafting_accelerator:                     	hide:[0]/[*Power*]
	+ crafting_monitor:                         	hide:[0]/[*Power*]
	+ crafting_storage_16k:                     	hide:[0]/[*Power*]
	+ crafting_storage_1k:                      	hide:[0]/[*Power*]
	+ crafting_storage_4k:                      	hide:[0]/[*Power*]
	+ crafting_storage_64k:                     	hide:[0]/[*Power*]
	+ crafting_unit:                            	hide:[0]/[*Power*]
	+ crank:                                    	hide:[0]/[*Power*]
	+ creative_energy_cell:                     	hide:[0]/[*Power*]
	+ creative_storage_cell:                    	hide:[0]/[*Power*]
	+ crystal_seed:                             	keep-one:[0, 600, 1200]	hide:[0]/[*Power*]
	+ dense_energy_cell:                        	hide:[0]/[*Power*]
	+ drive:                                    	hide:[0]/[*Power*]
	+ dummy_fluid_item:                         	hide:[0]/[*Power*]
	+ encoded_pattern:                          	hide:[0]/[*Power*]	hide:[]
	+ energy_acceptor:                          	hide:[0]/[*Power*]
	+ energy_cell:                              	hide:[0]/[*Power*]
	+ entropy_manipulator:                      	hide:[0]/[*Power*]
	+ facade:                                   	hide:[0]/[*Power*]	keep-one:[]
	+ fluid_interface:                          	hide:[0]/[*Power*]
	+ fluid_storage_cell_16k:                   	hide:[0]/[*Power*]
	+ fluid_storage_cell_1k:                    	hide:[0]/[*Power*]
	+ fluid_storage_cell_4k:                    	hide:[0]/[*Power*]
	+ fluid_storage_cell_64k:                   	hide:[0]/[*Power*]
	+ fluix_block:                              	hide:[0]/[*Power*]
	+ fluix_slab:                               	hide:[0]/[*Power*]
	+ fluix_stairs:                             	hide:[0]/[*Power*]
	+ grindstone:                               	hide:[0]/[*Power*]
	+ inscriber:                                	hide:[0]/[*Power*]
	+ interface:                                	hide:[0]/[*Power*]
	+ io_port:                                  	hide:[0]/[*Power*]
	+ light_detector:                           	hide:[0]/[*Power*]
	+ material:                                 	hide:[0]/[*Power*]
	+ matrix_frame:                             	hide:[0]/[*Power*]
	+ matter_cannon:                            	hide:[0]/[*Power*]
	+ memory_card:                              	hide:[0]/[*Power*]
	+ molecular_assembler:                      	hide:[0]/[*Power*]
	+ nether_quartz_axe:                        	hide:[0]/[*Power*]
	+ nether_quartz_cutting_knife:              	hide:[0]/[*Power*]
	+ nether_quartz_hoe:                        	hide:[0]/[*Power*]
	+ nether_quartz_pickaxe:                    	hide:[0]/[*Power*]
	+ nether_quartz_spade:                      	hide:[0]/[*Power*]
	+ nether_quartz_sword:                      	hide:[0]/[*Power*]
	+ nether_quartz_wrench:                     	hide:[0]/[*Power*]
	+ network_tool:                             	hide:[0]/[*Power*]
	+ paint:                                    	hide:[0]/[*Power*]
	+ paint_ball:                               	hide:[0]/[*Power*]	keep:[0]
	+ part:                                     	hide:[0]/[*Power*]	hide:[0, 1, 2, 3, 4, 5, 6, 7, 8, 9, 10, 11, 12, 13, 14, 15, 20, 21, 22, 23, 24, 25, 26, 27, 28, 29, 30, 31, 32, 33, 34, 35, 40, 41, 42, 43, 44, 45, 46, 47, 48, 49, 50, 51, 52, 53, 54, 55, 60, 61, 62, 63, 64, 65, 66, 67, 68, 69, 70, 71, 72, 73, 74, 75]
	+ portable_cell:                            	hide:[0]/[*Power*]
	+ quantum_link:                             	hide:[0]/[*Power*]
	+ quantum_ring:                             	hide:[0]/[*Power*]
	+ quartz_block:                             	hide:[0]/[*Power*]
	+ quartz_fixture:                           	hide:[0]/[*Power*]
	+ quartz_glass:                             	hide:[0]/[*Power*]
	+ quartz_growth_accelerator:                	hide:[0]/[*Power*]
	+ quartz_ore:                               	hide:[0]/[*Power*]
	+ quartz_pillar:                            	hide:[0]/[*Power*]
	+ quartz_pillar_slab:                       	hide:[0]/[*Power*]
	+ quartz_pillar_stairs:                     	hide:[0]/[*Power*]
	+ quartz_slab:                              	hide:[0]/[*Power*]
	+ quartz_stairs:                            	hide:[0]/[*Power*]
	+ quartz_vibrant_glass:                     	hide:[0]/[*Power*]
	+ security_station:                         	hide:[0]/[*Power*]
	+ sky_compass:                              	hide:[0]/[*Power*]
	+ sky_stone_block:                          	hide:[0]/[*Power*]
	+ sky_stone_brick:                          	hide:[0]/[*Power*]
	+ sky_stone_brick_slab:                     	hide:[0]/[*Power*]
	+ sky_stone_brick_stairs:                   	hide:[0]/[*Power*]
	+ sky_stone_chest:                          	hide:[0]/[*Power*]
	+ sky_stone_slab:                           	hide:[0]/[*Power*]
	+ sky_stone_small_brick:                    	hide:[0]/[*Power*]
	+ sky_stone_small_brick_slab:               	hide:[0]/[*Power*]
	+ sky_stone_small_brick_stairs:             	hide:[0]/[*Power*]
	+ sky_stone_stairs:                         	hide:[0]/[*Power*]
	+ smooth_sky_stone_block:                   	hide:[0]/[*Power*]
	+ smooth_sky_stone_chest:                   	hide:[0]/[*Power*]
	+ smooth_sky_stone_slab:                    	hide:[0]/[*Power*]
	+ smooth_sky_stone_stairs:                  	hide:[0]/[*Power*]
	+ spatial_io_port:                          	hide:[0]/[*Power*]
	+ spatial_pylon:                            	hide:[0]/[*Power*]
	+ spatial_storage_cell_128_cubed:           	hide:[0]/[*Power*]
	+ spatial_storage_cell_16_cubed:            	hide:[0]/[*Power*]
	+ spatial_storage_cell_2_cubed:             	hide:[0]/[*Power*]
	+ storage_cell_16k:                         	hide:[0]/[*Power*]
	+ storage_cell_1k:                          	hide:[0]/[*Power*]
	+ storage_cell_4k:                          	hide:[0]/[*Power*]
	+ storage_cell_64k:                         	hide:[0]/[*Power*]
	+ tiny_tnt:                                 	hide:[0]/[*Power*]
	+ vibration_chamber:                        	hide:[0]/[*Power*]
	+ view_cell:                                	hide:[0]/[*Power*]
	+ wireless_access_point:                    	hide:[0]/[*Power*]
	+ wireless_terminal:                        	hide:[0]/[*Power*]
- chisel :
	+ andesite:                                 	keep:[0]
	+ andesite1:                                	keep:[0]
	+ andesite2:                                	keep:[0]
	+ antiblock:                                	keep:[0]
	+ auto_chisel:                              	keep:[0]
	+ basalt:                                   	keep:[0]
	+ basalt1:                                  	keep:[0]
	+ basalt2:                                  	keep:[0]
	+ block_charcoal:                           	keep:[0]	keep-onei:[0]
	+ block_charcoal1:                          	keep:[0]	keep-onei:[0]
	+ block_charcoal2:                          	keep:[0]	keep-onei:[0]
	+ block_coal:                               	keep:[0]	keep-onei:[0]
	+ block_coal1:                              	keep:[0]	keep-onei:[0]
	+ block_coal2:                              	keep:[0]	keep-onei:[0]
	+ block_coal_coke:                          	keep:[0]	keep-onei:[0]
	+ block_coal_coke1:                         	keep:[0]	keep-onei:[0]
	+ block_coal_coke2:                         	keep:[0]	keep-onei:[0]
	+ blockaluminum:                            	keep:[0]	keep-onei:[0]
	+ blockbronze:                              	keep:[0]	keep-onei:[0]
	+ blockcobalt:                              	keep:[0]	keep-onei:[0]
	+ blockcopper:                              	keep:[0]	keep-onei:[0]
	+ blockelectrum:                            	keep:[0]	keep-onei:[0]
	+ blockgold:                                	keep:[0]	keep-onei:[0]
	+ blockinvar:                               	keep:[0]	keep-onei:[0]
	+ blockiron:                                	keep:[0]	keep-onei:[0]
	+ blocklead:                                	keep:[0]	keep-onei:[0]
	+ blocknickel:                              	keep:[0]	keep-onei:[0]
	+ blockplatinum:                            	keep:[0]	keep-onei:[0]
	+ blocksilver:                              	keep:[0]	keep-onei:[0]
	+ blocksteel:                               	keep:[0]	keep-onei:[0]
	+ blocktin:                                 	keep:[0]	keep-onei:[0]
	+ blockuranium:                             	keep:[0]	keep-onei:[0]
	+ bookshelf_acacia:                         	keep:[0]
	+ bookshelf_birch:                          	keep:[0]
	+ bookshelf_darkoak:                        	keep:[0]
	+ bookshelf_jungle:                         	keep:[0]
	+ bookshelf_oak:                            	keep:[0]
	+ bookshelf_spruce:                         	keep:[0]
	+ bricks:                                   	keep:[0]	keep-onei:[0]
	+ bricks1:                                  	keep:[0]	keep-onei:[0]
	+ bricks2:                                  	keep:[0]	keep-onei:[0]
	+ brownstone:                               	keep:[0]
	+ carpet_black:                             	keep:[0]
	+ carpet_blue:                              	keep:[0]
	+ carpet_brown:                             	keep:[0]
	+ carpet_cyan:                              	keep:[0]
	+ carpet_gray:                              	keep:[0]
	+ carpet_green:                             	keep:[0]
	+ carpet_lightblue:                         	keep:[0]
	+ carpet_lightgray:                         	keep:[0]
	+ carpet_lime:                              	keep:[0]
	+ carpet_magenta:                           	keep:[0]
	+ carpet_orange:                            	keep:[0]
	+ carpet_pink:                              	keep:[0]
	+ carpet_purple:                            	keep:[0]
	+ carpet_red:                               	keep:[0]
	+ carpet_white:                             	keep:[0]
	+ carpet_yellow:                            	keep:[0]
	+ certus:                                   	keep:[0]
	+ certus1:                                  	keep:[0]
	+ certus2:                                  	keep:[0]
	+ chisel_diamond:                           	keep:[0]
	+ chisel_hitech:                            	keep:[0]
	+ chisel_iron:                              	keep:[0]
	+ cloud:                                    	keep:[0]
	+ cobblestone:                              	keep:[0]	keep-onei:[0]
	+ cobblestone1:                             	keep:[0]	keep-onei:[0]
	+ cobblestone2:                             	keep:[0]	keep-onei:[0]
	+ cobblestonemossy:                         	keep:[0]	keep-onei:[0]
	+ cobblestonemossy1:                        	keep:[0]	keep-onei:[0]
	+ cobblestonemossy2:                        	keep:[0]	keep-onei:[0]
	+ concrete_black:                           	keep:[0]	keep-onei:[0]
	+ concrete_black1:                          	keep:[0]	keep-onei:[0]
	+ concrete_black2:                          	keep:[0]	keep-onei:[0]
	+ concrete_blue:                            	keep:[0]	keep-onei:[0]
	+ concrete_blue1:                           	keep:[0]	keep-onei:[0]
	+ concrete_blue2:                           	keep:[0]	keep-onei:[0]
	+ concrete_brown:                           	keep:[0]	keep-onei:[0]
	+ concrete_brown1:                          	keep:[0]	keep-onei:[0]
	+ concrete_brown2:                          	keep:[0]	keep-onei:[0]
	+ concrete_cyan:                            	keep:[0]	keep-onei:[0]
	+ concrete_cyan1:                           	keep:[0]	keep-onei:[0]
	+ concrete_cyan2:                           	keep:[0]	keep-onei:[0]
	+ concrete_gray:                            	keep:[0]	keep-onei:[0]
	+ concrete_gray1:                           	keep:[0]	keep-onei:[0]
	+ concrete_gray2:                           	keep:[0]	keep-onei:[0]
	+ concrete_green:                           	keep:[0]	keep-onei:[0]
	+ concrete_green1:                          	keep:[0]	keep-onei:[0]
	+ concrete_green2:                          	keep:[0]	keep-onei:[0]
	+ concrete_lightblue:                       	keep:[0]	keep-onei:[0]
	+ concrete_lightblue1:                      	keep:[0]	keep-onei:[0]
	+ concrete_lightblue2:                      	keep:[0]	keep-onei:[0]
	+ concrete_lightgray:                       	keep:[0]	keep-onei:[0]
	+ concrete_lightgray1:                      	keep:[0]	keep-onei:[0]
	+ concrete_lightgray2:                      	keep:[0]	keep-onei:[0]
	+ concrete_lime:                            	keep:[0]	keep-onei:[0]
	+ concrete_lime1:                           	keep:[0]	keep-onei:[0]
	+ concrete_lime2:                           	keep:[0]	keep-onei:[0]
	+ concrete_magenta:                         	keep:[0]	keep-onei:[0]
	+ concrete_magenta1:                        	keep:[0]	keep-onei:[0]
	+ concrete_magenta2:                        	keep:[0]	keep-onei:[0]
	+ concrete_orange:                          	keep:[0]	keep-onei:[0]
	+ concrete_orange1:                         	keep:[0]	keep-onei:[0]
	+ concrete_orange2:                         	keep:[0]	keep-onei:[0]
	+ concrete_pink:                            	keep:[0]	keep-onei:[0]
	+ concrete_pink1:                           	keep:[0]	keep-onei:[0]
	+ concrete_pink2:                           	keep:[0]	keep-onei:[0]
	+ concrete_purple:                          	keep:[0]	keep-onei:[0]
	+ concrete_purple1:                         	keep:[0]	keep-onei:[0]
	+ concrete_purple2:                         	keep:[0]	keep-onei:[0]
	+ concrete_red:                             	keep:[0]	keep-onei:[0]
	+ concrete_red1:                            	keep:[0]	keep-onei:[0]
	+ concrete_red2:                            	keep:[0]	keep-onei:[0]
	+ concrete_white:                           	keep:[0]	keep-onei:[0]
	+ concrete_white1:                          	keep:[0]	keep-onei:[0]
	+ concrete_white2:                          	keep:[0]	keep-onei:[0]
	+ concrete_yellow:                          	keep:[0]	keep-onei:[0]
	+ concrete_yellow1:                         	keep:[0]	keep-onei:[0]
	+ concrete_yellow2:                         	keep:[0]	keep-onei:[0]
	+ diamond:                                  	keep:[0]
	+ diorite:                                  	keep:[0]
	+ diorite1:                                 	keep:[0]
	+ diorite2:                                 	keep:[0]
	+ dirt:                                     	keep:[0]
	+ emerald:                                  	keep:[0]
	+ endstone:                                 	keep:[0]
	+ endstone1:                                	keep:[0]
	+ endstone2:                                	keep:[0]
	+ energizedvoidstone:                       	keep:[0]
	+ factory:                                  	keep:[0]
	+ factory1:                                 	keep:[0]
	+ futura:                                   	keep:[0]
	+ glass:                                    	keep:[0]	keep-onei:[0]
	+ glass1:                                   	keep:[0]	keep-onei:[0]
	+ glassdyedblack:                           	keep:[0]	keep-onei:[0]
	+ glassdyedblue:                            	keep:[0]	keep-onei:[0]
	+ glassdyedbrown:                           	keep:[0]	keep-onei:[0]
	+ glassdyedcyan:                            	keep:[0]	keep-onei:[0]
	+ glassdyedgray:                            	keep:[0]	keep-onei:[0]
	+ glassdyedgreen:                           	keep:[0]	keep-onei:[0]
	+ glassdyedlightblue:                       	keep:[0]	keep-onei:[0]
	+ glassdyedlightgray:                       	keep:[0]	keep-onei:[0]
	+ glassdyedlime:                            	keep:[0]	keep-onei:[0]
	+ glassdyedmagenta:                         	keep:[0]	keep-onei:[0]
	+ glassdyedorange:                          	keep:[0]	keep-onei:[0]
	+ glassdyedpink:                            	keep:[0]	keep-onei:[0]
	+ glassdyedpurple:                          	keep:[0]	keep-onei:[0]
	+ glassdyedred:                             	keep:[0]	keep-onei:[0]
	+ glassdyedwhite:                           	keep:[0]	keep-onei:[0]
	+ glassdyedyellow:                          	keep:[0]	keep-onei:[0]
	+ glasspane:                                	keep:[0]	keep-onei:[0]
	+ glasspane1:                               	keep:[0]	keep-onei:[0]
	+ glasspanedyedblack:                       	keep:[0]	keep-onei:[0]
	+ glasspanedyedblue:                        	keep:[0]	keep-onei:[0]
	+ glasspanedyedbrown:                       	keep:[0]	keep-onei:[0]
	+ glasspanedyedcyan:                        	keep:[0]	keep-onei:[0]
	+ glasspanedyedgray:                        	keep:[0]	keep-onei:[0]
	+ glasspanedyedgreen:                       	keep:[0]	keep-onei:[0]
	+ glasspanedyedlightblue:                   	keep:[0]	keep-onei:[0]
	+ glasspanedyedlightgray:                   	keep:[0]	keep-onei:[0]
	+ glasspanedyedlime:                        	keep:[0]	keep-onei:[0]
	+ glasspanedyedmagenta:                     	keep:[0]	keep-onei:[0]
	+ glasspanedyedorange:                      	keep:[0]	keep-onei:[0]
	+ glasspanedyedpink:                        	keep:[0]	keep-onei:[0]
	+ glasspanedyedpurple:                      	keep:[0]	keep-onei:[0]
	+ glasspanedyedred:                         	keep:[0]	keep-onei:[0]
	+ glasspanedyedwhite:                       	keep:[0]	keep-onei:[0]
	+ glasspanedyedyellow:                      	keep:[0]	keep-onei:[0]
	+ glowstone:                                	keep:[0]
	+ glowstone1:                               	keep:[0]
	+ glowstone2:                               	keep:[0]
	+ gold:                                     	keep:[0]
	+ granite:                                  	keep:[0]
	+ granite1:                                 	keep:[0]
	+ granite2:                                 	keep:[0]
	+ hardenedclay:                             	keep:[0]
	+ hardenedclay1:                            	keep:[0]
	+ hardenedclay2:                            	keep:[0]
	+ ice:                                      	keep:[0]
	+ ice1:                                     	keep:[0]
	+ ice2:                                     	keep:[0]
	+ icepillar:                                	keep:[0]
	+ iron:                                     	keep:[0]
	+ ironpane:                                 	keep:[0]
	+ laboratory:                               	keep:[0]
	+ lapis:                                    	keep:[0]
	+ lavastone:                                	keep:[0]
	+ lavastone1:                               	keep:[0]
	+ lavastone2:                               	keep:[0]
	+ limestone:                                	keep:[0]	keep-onei:[0]
	+ limestone1:                               	keep:[0]	keep-onei:[0]
	+ limestone2:                               	keep:[0]	keep-onei:[0]
	+ marble:                                   	keep:[0]
	+ marble1:                                  	keep:[0]
	+ marble2:                                  	keep:[0]
	+ marblepillar:                             	keep:[0]
	+ netherbrick:                              	keep:[0]
	+ netherrack:                               	keep:[0]
	+ obsidian:                                 	keep:[0]
	+ offsettool:                               	keep:[0]
	+ paper:                                    	keep:[0]
	+ planks-acacia:                            	keep:[0]
	+ planks-birch:                             	keep:[0]
	+ planks-dark-oak:                          	keep:[0]
	+ planks-jungle:                            	keep:[0]
	+ planks-oak:                               	keep:[0]
	+ planks-spruce:                            	keep:[0]
	+ prismarine:                               	keep:[0]
	+ prismarine1:                              	keep:[0]
	+ prismarine2:                              	keep:[0]
	+ purpur:                                   	keep:[0]
	+ purpur1:                                  	keep:[0]
	+ purpur2:                                  	keep:[0]
	+ quartz:                                   	keep:[0]
	+ quartz1:                                  	keep:[0]
	+ redstone:                                 	keep:[0]
	+ redstone1:                                	keep:[0]
	+ sandstone-scribbles:                      	keep:[0]
	+ sandstonered:                             	keep:[0]
	+ sandstonered-scribbles:                   	keep:[0]
	+ sandstonered1:                            	keep:[0]
	+ sandstonered2:                            	keep:[0]
	+ sandstoneyellow:                          	keep:[0]
	+ sandstoneyellow1:                         	keep:[0]
	+ sandstoneyellow2:                         	keep:[0]
	+ stonebrick:                               	keep:[0]
	+ stonebrick1:                              	keep:[0]
	+ stonebrick2:                              	keep:[0]
	+ technical:                                	keep:[0]
	+ technical1:                               	keep:[0]
	+ technicalnew:                             	keep:[0]
	+ temple:                                   	keep:[0]
	+ templemossy:                              	keep:[0]
	+ tyrian:                                   	keep:[0]
	+ valentines:                               	keep:[0]
	+ voidstone:                                	keep:[0]
	+ voidstonerunic:                           	keep:[0]
	+ waterstone:                               	keep:[0]
	+ waterstone1:                              	keep:[0]
	+ waterstone2:                              	keep:[0]
	+ wool_black:                               	keep:[0]
	+ wool_blue:                                	keep:[0]
	+ wool_brown:                               	keep:[0]
	+ wool_cyan:                                	keep:[0]
	+ wool_gray:                                	keep:[0]
	+ wool_green:                               	keep:[0]
	+ wool_lightblue:                           	keep:[0]
	+ wool_lightgray:                           	keep:[0]
	+ wool_lime:                                	keep:[0]
	+ wool_magenta:                             	keep:[0]
	+ wool_orange:                              	keep:[0]
	+ wool_pink:                                	keep:[0]
	+ wool_purple:                              	keep:[0]
	+ wool_red:                                 	keep:[0]
	+ wool_white:                               	keep:[0]
	+ wool_yellow:                              	keep:[0]
- EnderIO :
	+ block_alloy:                              	keep:[0]
	+ block_alloy_endergy:                      	keep:[0]
	+ block_alloy_smelter:                      	keep:[0]
	+ block_dark_fused_glass:                   	keep:[1]
	+ block_dark_fused_quartz:                  	keep:[1]
	+ block_decoration1:                        	keep:[0]
	+ block_decoration2:                        	keep:[0]
	+ block_decoration3:                        	keep:[0]
	+ block_enhanced_alloy_smelter:             	keep:[0]
	+ block_enlightened_fused_glass:            	keep:[1]
	+ block_enlightened_fused_quartz:           	keep:[1]
	+ block_fused_glass:                        	keep:[1]
	+ block_fused_quartz:                       	keep:[1]
	+ block_painted_fused_quartz:               	keep:[1]
	+ block_simple_alloy_smelter:               	keep:[0]
	+ item_broken_spawner:                      	keep-one:[]
	+ item_soul_vial:                           	keep-one:[]
- extrautils2 :
	+ biomemarker:                              	hide:[]
	+ compressedcobblestone:                    	keep:[0]
	+ compresseddirt:                           	keep:[0]
	+ compressedgravel:                         	keep:[0]
	+ compressednetherrack:                     	keep:[0]
	+ compressedsand:                           	keep:[0]
- forge :
	+ bucketfilled:                             	keep-one:[]
- ic2 :
	+ fluid_cell:                               	keep:[0]/[{}]
	+ wall:                                     	keep:[0]
- Mekanism :
	+ armoredjetpack:                           	keep-one:[0]
	+ atomicdisassembler:                       	keep-one:[0]
	+ balloon:                                  	keep:[15]
	+ basicblock2:                              	keep-one:[3, 4]
	+ clump:                                    	hide:[]
	+ configurator:                             	keep-one:[0]
	+ crystal:                                  	hide:[]
	+ dirtydust:                                	hide:[]
	+ electricbow:                              	keep-one:[0]
	+ energycube:                               	keep-one:[0]
	+ energytablet:                             	keep-one:[0]
	+ flamethrower:                             	keep-one:[0]
	+ freerunners:                              	keep-one:[0]
	+ gastank:                                  	hide:[0]/[*gasName*]
	+ glowpanel:                                	keep:[15]
	+ glowplasticblock:                         	keep:[15]
	+ jetpack:                                  	keep-one:[0]
	+ machineblock:                             	hide:[5, 6, 7]
	+ machineblock2:                            	hide:[11]/[*FluidName*]
	+ networkreader:                            	keep-one:[0]
	+ plasticblock:                             	keep:[15]
	+ plasticfence:                             	keep:[15]
	+ portableteleporter:                       	keep-one:[0]
	+ reinforcedplasticblock:                   	keep:[15]
	+ roadplasticblock:                         	keep:[15]
	+ robit:                                    	keep-one:[0]
	+ scubatank:                                	keep-one:[0]
	+ seismicreader:                            	keep-one:[0]
	+ shard:                                    	hide:[]
	+ slickplasticblock:                        	keep:[15]
- MekanismGenerators :
	+ hohlraum:                                 	keep-one:[0]
- minecraft :
	+ arrow:                                    	keep-one:[0]
	+ banner:                                   	keep:[0]
	+ book:                                     	keep-one:[0]
	+ carpet:                                   	keep:[0]
	+ enchanted_book:                           	keep-one:[0]
	+ knowledge_book:                           	keep-one:[0]
	+ lingering_potion:                         	keep-one:[0]
	+ potion:                                   	keep-one:[0]
	+ spawn_egg:                                	keep-one:[0]
	+ spectral_arrow:                           	keep-one:[0]
	+ splash_potion:                            	keep-one:[0]
	+ stained_glass:                            	keep:[0]
	+ stained_glass_pane:                       	keep:[0]
	+ stained_hardened_clay:                    	keep:[0]
	+ tipped_arrow:                             	keep-one:[0]
	+ wool:                                     	keep:[0]
	+ writable_book:                            	keep-one:[0]
	+ written_book:                             	keep-one:[0]
- tconstruct :
	+ alubrass:                                 	keep-one:[0]
	+ aluminum:                                 	keep-one:[0]
	+ ardite:                                   	keep-one:[0]
	+ arrow:                                    	keep-one:[0]
	+ arrow_head:                               	keep-one:[0]
	+ arrow_shaft:                              	keep-one:[0]
	+ axe_head:                                 	keep-one:[0]
	+ battlesign:                               	keep-one:[0]
	+ binding:                                  	keep-one:[0]
	+ blood:                                    	keep-one:[0]
	+ blueslime:                                	keep-one:[0]
	+ bolt:                                     	keep-one:[0]
	+ bolt_core:                                	keep-one:[0]
	+ book:                                     	keep-one:[0]
	+ bow_limb:                                 	keep-one:[0]
	+ bow_string:                               	keep-one:[0]
	+ brass:                                    	keep-one:[0]
	+ broad_axe_head:                           	keep-one:[0]
	+ broadsword:                               	keep-one:[0]
	+ bronze:                                   	keep-one:[0]
	+ brownstone:                               	keep-one:[0]	keep:[0]
	+ brownstone_slab:                          	keep-one:[0]	hide:[]
	+ brownstone_slab2:                         	keep-one:[0]	hide:[]
	+ brownstone_stairs_brick:                  	keep-one:[0]	hide:[]
	+ brownstone_stairs_brick_cracked:          	keep-one:[0]	hide:[]
	+ brownstone_stairs_brick_fancy:            	keep-one:[0]	hide:[]
	+ brownstone_stairs_brick_small:            	keep-one:[0]	hide:[]
	+ brownstone_stairs_brick_square:           	keep-one:[0]	hide:[]
	+ brownstone_stairs_brick_triangle:         	keep-one:[0]	hide:[]
	+ brownstone_stairs_creeper:                	keep-one:[0]	hide:[]
	+ brownstone_stairs_paver:                  	keep-one:[0]	hide:[]
	+ brownstone_stairs_road:                   	keep-one:[0]	hide:[]
	+ brownstone_stairs_rough:                  	keep-one:[0]	hide:[]
	+ brownstone_stairs_smooth:                 	keep-one:[0]	hide:[]
	+ brownstone_stairs_tile:                   	keep-one:[0]	hide:[]
	+ cast:                                     	keep-one:[0]
	+ cast_custom:                              	keep-one:[0]
	+ casting:                                  	keep-one:[0]
	+ channel:                                  	keep-one:[0]
	+ clay:                                     	keep-one:[0]
	+ clay_cast:                                	keep-one:[0]
	+ clear_glass:                              	keep-one:[0]
	+ clear_stained_glass:                      	keep-one:[0]	keep:[0]
	+ cleaver:                                  	keep-one:[0]
	+ cobalt:                                   	keep-one:[0]
	+ copper:                                   	keep-one:[0]
	+ cross_guard:                              	keep-one:[0]
	+ crossbow:                                 	keep-one:[0]
	+ deco_ground:                              	keep-one:[0]
	+ deco_ground_slab:                         	keep-one:[0]	hide:[]
	+ dirt:                                     	keep-one:[0]
	+ dried_brick_stairs:                       	keep-one:[0]	hide:[]
	+ dried_clay:                               	keep-one:[0]
	+ dried_clay_slab:                          	keep-one:[0]	hide:[]
	+ dried_clay_stairs:                        	keep-one:[0]	hide:[]
	+ edible:                                   	keep-one:[0]	keep:[0, 1, 10, 30]
	+ electrum:                                 	keep-one:[0]
	+ emerald:                                  	keep-one:[0]
	+ excavator:                                	keep-one:[0]
	+ excavator_head:                           	keep-one:[0]
	+ fancy_frame:                              	keep-one:[0]	keep:[0]
	+ faucet:                                   	keep-one:[0]
	+ firewood:                                 	keep-one:[0]
	+ firewood_slab:                            	keep-one:[0]	hide:[]
	+ firewood_stairs:                          	keep-one:[0]	hide:[]
	+ fletching:                                	keep-one:[0]
	+ frypan:                                   	keep-one:[0]
	+ glass:                                    	keep-one:[0]
	+ gold:                                     	keep-one:[0]
	+ hammer:                                   	keep-one:[0]
	+ hammer_head:                              	keep-one:[0]
	+ hand_guard:                               	keep-one:[0]
	+ hatchet:                                  	keep-one:[0]
	+ ingots:                                   	keep-one:[0]
	+ iron:                                     	keep-one:[0]
	+ kama:                                     	keep-one:[0]
	+ kama_head:                                	keep-one:[0]
	+ knife_blade:                              	keep-one:[0]
	+ knightslime:                              	keep-one:[0]
	+ large_plate:                              	keep-one:[0]
	+ large_sword_blade:                        	keep-one:[0]
	+ lavawood_stairs:                          	keep-one:[0]	hide:[]
	+ lead:                                     	keep-one:[0]
	+ longbow:                                  	keep-one:[0]
	+ longsword:                                	keep-one:[0]
	+ lumberaxe:                                	keep-one:[0]
	+ manyullyn:                                	keep-one:[0]
	+ materials:                                	keep-one:[0]
	+ mattock:                                  	keep-one:[0]
	+ metal:                                    	keep-one:[0]	keep:[0]
	+ milk:                                     	keep-one:[0]
	+ moms_spaghetti:                           	keep-one:[0]
	+ mudbrick_stairs:                          	keep-one:[0]	hide:[]
	+ nickel:                                   	keep-one:[0]
	+ nuggets:                                  	keep-one:[0]
	+ obsidian:                                 	keep-one:[0]
	+ ore:                                      	keep-one:[0]
	+ pan_head:                                 	keep-one:[0]
	+ pattern:                                  	keep-one:[0]
	+ pick_head:                                	keep-one:[0]
	+ pickaxe:                                  	keep-one:[0]
	+ piggybackpack:                            	keep-one:[0]
	+ pigiron:                                  	keep-one:[0]
	+ punji:                                    	keep-one:[0]
	+ purpleslime:                              	keep-one:[0]
	+ rack:                                     	keep-one:[0]
	+ rapier:                                   	keep-one:[0]
	+ scythe:                                   	keep-one:[0]
	+ scythe_head:                              	keep-one:[0]
	+ seared:                                   	keep-one:[0]	keep:[0, 1, 3]
	+ seared_furnace_controller:                	keep-one:[0]
	+ seared_glass:                             	keep-one:[0]
	+ seared_slab:                              	keep-one:[0]	hide:[]
	+ seared_slab2:                             	keep-one:[0]	hide:[]
	+ seared_stairs_brick:                      	keep-one:[0]	hide:[]
	+ seared_stairs_brick_cracked:              	keep-one:[0]	hide:[]
	+ seared_stairs_brick_fancy:                	keep-one:[0]	hide:[]
	+ seared_stairs_brick_small:                	keep-one:[0]	hide:[]
	+ seared_stairs_brick_square:               	keep-one:[0]	hide:[]
	+ seared_stairs_brick_triangle:             	keep-one:[0]	hide:[]
	+ seared_stairs_cobble:                     	keep-one:[0]	hide:[]
	+ seared_stairs_creeper:                    	keep-one:[0]	hide:[]
	+ seared_stairs_paver:                      	keep-one:[0]	hide:[]
	+ seared_stairs_road:                       	keep-one:[0]	hide:[]
	+ seared_stairs_stone:                      	keep-one:[0]	keep:[0]	hide:[]
	+ seared_stairs_tile:                       	keep-one:[0]	hide:[]
	+ seared_tank:                              	keep-one:[0]
	+ shard:                                    	keep-one:[0]
	+ sharpening_kit:                           	keep-one:[0]
	+ shortbow:                                 	keep-one:[0]
	+ shovel:                                   	keep-one:[0]
	+ shovel_head:                              	keep-one:[0]
	+ shuriken:                                 	keep-one:[0]
	+ sign_head:                                	keep-one:[0]
	+ silver:                                   	keep-one:[0]
	+ slime:                                    	keep-one:[0]
	+ slime_boots:                              	keep-one:[0]	keep:[0]
	+ slime_channel:                            	keep-one:[0]	keep:[0]
	+ slime_congealed:                          	keep-one:[0]	keep:[0]
	+ slime_dirt:                               	keep-one:[0]	keep:[0]
	+ slime_grass:                              	keep-one:[0]	keep:[0]
	+ slime_grass_tall:                         	keep-one:[0]	keep:[0]
	+ slime_leaves:                             	keep-one:[0]	keep:[0]
	+ slime_sapling:                            	keep-one:[0]	keep:[0]
	+ slime_vine_blue:                          	keep-one:[0]	keep:[0]
	+ slime_vine_blue_end:                      	keep-one:[0]	keep:[0]
	+ slime_vine_blue_mid:                      	keep-one:[0]	keep:[0]
	+ slime_vine_purple:                        	keep-one:[0]	keep:[0]
	+ slime_vine_purple_end:                    	keep-one:[0]	keep:[0]
	+ slime_vine_purple_mid:                    	keep-one:[0]	keep:[0]
	+ slimesling:                               	keep-one:[0]
	+ smeltery_controller:                      	keep-one:[0]
	+ smeltery_io:                              	keep-one:[0]
	+ soil:                                     	keep-one:[0]	keep:[0]
	+ spaghetti:                                	keep-one:[0]
	+ steel:                                    	keep-one:[0]
	+ stone:                                    	keep-one:[0]	keep:[0]
	+ stone_ladder:                             	keep-one:[0]
	+ stone_stick:                              	keep-one:[0]
	+ stone_torch:                              	keep-one:[0]
	+ sword_blade:                              	keep-one:[0]
	+ throwball:                                	keep-one:[0]
	+ tin:                                      	keep-one:[0]
	+ tinker_tank_controller:                   	keep-one:[0]
	+ tool_rod:                                 	keep-one:[0]
	+ toolforge:                                	keep-one:[0]
	+ tooltables:                               	keep-one:[0]	keep-one:[]
	+ tough_binding:                            	keep-one:[0]
	+ tough_tool_rod:                           	keep-one:[0]
	+ wide_guard:                               	keep-one:[0]
	+ wood_rail:                                	keep-one:[0]
	+ wood_rail_trapdoor:                       	keep-one:[0]
	+ wooden_hopper:                            	keep-one:[0]
	+ zinc:                                     	keep-one:[0]
- thermalexpansion :
	+ florb:                                    	keep-one:[]
	+ morb:                                     	keep-one:[]
- thermalfoundation :
	+ armor.boots_aluminum:                     	keep-onei:[]
	+ armor.boots_bronze:                       	keep-onei:[]
	+ armor.boots_constantan:                   	keep-onei:[]
	+ armor.boots_copper:                       	keep-onei:[]
	+ armor.boots_electrum:                     	keep-onei:[]
	+ armor.boots_invar:                        	keep-onei:[]
	+ armor.boots_lead:                         	keep-onei:[]
	+ armor.boots_nickel:                       	keep-onei:[]
	+ armor.boots_platinum:                     	keep-onei:[]
	+ armor.boots_silver:                       	keep-onei:[]
	+ armor.boots_steel:                        	keep-onei:[]
	+ armor.boots_tin:                          	keep-onei:[]
	+ armor.helmet_aluminum:                    	keep-onei:[]
	+ armor.helmet_bronze:                      	keep-onei:[]
	+ armor.helmet_constantan:                  	keep-onei:[]
	+ armor.helmet_copper:                      	keep-onei:[]
	+ armor.helmet_electrum:                    	keep-onei:[]
	+ armor.helmet_invar:                       	keep-onei:[]
	+ armor.helmet_lead:                        	keep-onei:[]
	+ armor.helmet_nickel:                      	keep-onei:[]
	+ armor.helmet_platinum:                    	keep-onei:[]
	+ armor.helmet_silver:                      	keep-onei:[]
	+ armor.helmet_steel:                       	keep-onei:[]
	+ armor.helmet_tin:                         	keep-onei:[]
	+ armor.legs_aluminum:                      	keep-onei:[]
	+ armor.legs_bronze:                        	keep-onei:[]
	+ armor.legs_constantan:                    	keep-onei:[]
	+ armor.legs_copper:                        	keep-onei:[]
	+ armor.legs_electrum:                      	keep-onei:[]
	+ armor.legs_invar:                         	keep-onei:[]
	+ armor.legs_lead:                          	keep-onei:[]
	+ armor.legs_nickel:                        	keep-onei:[]
	+ armor.legs_platinum:                      	keep-onei:[]
	+ armor.legs_silver:                        	keep-onei:[]
	+ armor.legs_steel:                         	keep-onei:[]
	+ armor.legs_tin:                           	keep-onei:[]
	+ armor.plate_aluminum:                     	keep-onei:[]
	+ armor.plate_bronze:                       	keep-onei:[]
	+ armor.plate_constantan:                   	keep-onei:[]
	+ armor.plate_copper:                       	keep-onei:[]
	+ armor.plate_electrum:                     	keep-onei:[]
	+ armor.plate_invar:                        	keep-onei:[]
	+ armor.plate_lead:                         	keep-onei:[]
	+ armor.plate_nickel:                       	keep-onei:[]
	+ armor.plate_platinum:                     	keep-onei:[]
	+ armor.plate_silver:                       	keep-onei:[]
	+ armor.plate_steel:                        	keep-onei:[]
	+ armor.plate_tin:                          	keep-onei:[]
	+ coin:                                     	keep:[0]
	+ dye:                                      	keep:[0]
	+ fluid_aerotheum:                          	keep-onei:[]
	+ fluid_crude_oil:                          	keep-onei:[]
	+ fluid_cryotheum:                          	keep-onei:[]
	+ fluid_ender:                              	keep-onei:[]
	+ fluid_glowstone:                          	keep-onei:[]
	+ fluid_mana:                               	keep-onei:[]
	+ fluid_petrotheum:                         	keep-onei:[]
	+ fluid_pyrotheum:                          	keep-onei:[]
	+ fluid_redstone:                           	keep-onei:[]
	+ glass:                                    	keep:[0]
	+ glass_alloy:                              	keep:[0]
	+ horse_armor_aluminum:                     	keep-onei:[]
	+ horse_armor_bronze:                       	keep-onei:[]
	+ horse_armor_constantan:                   	keep-onei:[]
	+ horse_armor_copper:                       	keep-onei:[]
	+ horse_armor_electrum:                     	keep-onei:[]
	+ horse_armor_invar:                        	keep-onei:[]
	+ horse_armor_lead:                         	keep-onei:[]
	+ horse_armor_nickel:                       	keep-onei:[]
	+ horse_armor_platinum:                     	keep-onei:[]
	+ horse_armor_silver:                       	keep-onei:[]
	+ horse_armor_steel:                        	keep-onei:[]
	+ horse_armor_tin:                          	keep-onei:[]
	+ material:                                 	hide:[23, 24, 25, 26, 27, 65, 66, 67, 68, 69, 70, 71, 72, 73, 74, 75, 76, 77, 78, 79, 80, 81, 82, 83, 84, 85, 86, 87, 88, 89, 90, 91, 92, 93, 94, 95, 96, 97, 98, 99, 100, 101, 102, 103, 193, 194, 195, 196, 197, 198, 199, 200, 201, 202, 203, 204, 205, 206, 207, 208, 209, 210, 211, 212, 213, 214, 215, 216, 217, 218, 219, 220, 221, 222, 223, 224, 225, 226, 227, 228, 229, 230, 231, 257, 258, 259, 260, 261, 262, 263, 264, 265, 266, 267, 268, 269, 270, 271, 272, 273, 274, 275, 276, 277, 278, 279, 280, 281, 282, 283, 284, 285, 286, 287, 288, 289, 290, 291, 292, 293, 294, 295, 321, 322, 323, 324, 325, 326, 327, 328, 329, 330, 331, 332, 333, 334, 335, 336, 337, 338, 339, 340, 341, 342, 343, 344, 345, 346, 347, 348, 349, 350, 351, 352, 353, 354, 355, 356, 357, 358, 359]
	+ ore:                                      	keep:[0]
	+ ore_fluid:                                	keep:[0]
	+ rockwool:                                 	keep:[0]
	+ storage:                                  	keep:[0]
	+ storage_alloy:                            	keep:[0]
	+ tool.axe_aluminum:                        	keep-onei:[]
	+ tool.axe_bronze:                          	keep-onei:[]
	+ tool.axe_constantan:                      	keep-onei:[]
	+ tool.axe_copper:                          	keep-onei:[]
	+ tool.axe_electrum:                        	keep-onei:[]
	+ tool.axe_invar:                           	keep-onei:[]
	+ tool.axe_lead:                            	keep-onei:[]
	+ tool.axe_nickel:                          	keep-onei:[]
	+ tool.axe_platinum:                        	keep-onei:[]
	+ tool.axe_silver:                          	keep-onei:[]
	+ tool.axe_steel:                           	keep-onei:[]
	+ tool.axe_tin:                             	keep-onei:[]
	+ tool.bow_aluminum:                        	keep-onei:[]
	+ tool.bow_bronze:                          	keep-onei:[]
	+ tool.bow_constantan:                      	keep-onei:[]
	+ tool.bow_copper:                          	keep-onei:[]
	+ tool.bow_diamond:                         	keep-onei:[]
	+ tool.bow_electrum:                        	keep-onei:[]
	+ tool.bow_gold:                            	keep-onei:[]
	+ tool.bow_invar:                           	keep-onei:[]
	+ tool.bow_iron:                            	keep-onei:[]
	+ tool.bow_lead:                            	keep-onei:[]
	+ tool.bow_nickel:                          	keep-onei:[]
	+ tool.bow_platinum:                        	keep-onei:[]
	+ tool.bow_silver:                          	keep-onei:[]
	+ tool.bow_steel:                           	keep-onei:[]
	+ tool.bow_stone:                           	keep-onei:[]
	+ tool.bow_tin:                             	keep-onei:[]
	+ tool.excavator_aluminum:                  	keep-onei:[]
	+ tool.excavator_bronze:                    	keep-onei:[]
	+ tool.excavator_constantan:                	keep-onei:[]
	+ tool.excavator_copper:                    	keep-onei:[]
	+ tool.excavator_diamond:                   	keep-onei:[]
	+ tool.excavator_electrum:                  	keep-onei:[]
	+ tool.excavator_gold:                      	keep-onei:[]
	+ tool.excavator_invar:                     	keep-onei:[]
	+ tool.excavator_iron:                      	keep-onei:[]
	+ tool.excavator_lead:                      	keep-onei:[]
	+ tool.excavator_nickel:                    	keep-onei:[]
	+ tool.excavator_platinum:                  	keep-onei:[]
	+ tool.excavator_silver:                    	keep-onei:[]
	+ tool.excavator_steel:                     	keep-onei:[]
	+ tool.excavator_stone:                     	keep-onei:[]
	+ tool.excavator_tin:                       	keep-onei:[]
	+ tool.excavator_wood:                      	keep-onei:[]
	+ tool.fishing_rod_aluminum:                	keep-onei:[]
	+ tool.fishing_rod_bronze:                  	keep-onei:[]
	+ tool.fishing_rod_constantan:              	keep-onei:[]
	+ tool.fishing_rod_copper:                  	keep-onei:[]
	+ tool.fishing_rod_diamond:                 	keep-onei:[]
	+ tool.fishing_rod_electrum:                	keep-onei:[]
	+ tool.fishing_rod_gold:                    	keep-onei:[]
	+ tool.fishing_rod_invar:                   	keep-onei:[]
	+ tool.fishing_rod_iron:                    	keep-onei:[]
	+ tool.fishing_rod_lead:                    	keep-onei:[]
	+ tool.fishing_rod_nickel:                  	keep-onei:[]
	+ tool.fishing_rod_platinum:                	keep-onei:[]
	+ tool.fishing_rod_silver:                  	keep-onei:[]
	+ tool.fishing_rod_steel:                   	keep-onei:[]
	+ tool.fishing_rod_stone:                   	keep-onei:[]
	+ tool.fishing_rod_tin:                     	keep-onei:[]
	+ tool.hammer_aluminum:                     	keep-onei:[]
	+ tool.hammer_bronze:                       	keep-onei:[]
	+ tool.hammer_constantan:                   	keep-onei:[]
	+ tool.hammer_copper:                       	keep-onei:[]
	+ tool.hammer_diamond:                      	keep-onei:[]
	+ tool.hammer_electrum:                     	keep-onei:[]
	+ tool.hammer_gold:                         	keep-onei:[]
	+ tool.hammer_invar:                        	keep-onei:[]
	+ tool.hammer_iron:                         	keep-onei:[]
	+ tool.hammer_lead:                         	keep-onei:[]
	+ tool.hammer_nickel:                       	keep-onei:[]
	+ tool.hammer_platinum:                     	keep-onei:[]
	+ tool.hammer_silver:                       	keep-onei:[]
	+ tool.hammer_steel:                        	keep-onei:[]
	+ tool.hammer_stone:                        	keep-onei:[]
	+ tool.hammer_tin:                          	keep-onei:[]
	+ tool.hammer_wood:                         	keep-onei:[]
	+ tool.hoe_aluminum:                        	keep-onei:[]
	+ tool.hoe_bronze:                          	keep-onei:[]
	+ tool.hoe_constantan:                      	keep-onei:[]
	+ tool.hoe_copper:                          	keep-onei:[]
	+ tool.hoe_electrum:                        	keep-onei:[]
	+ tool.hoe_invar:                           	keep-onei:[]
	+ tool.hoe_lead:                            	keep-onei:[]
	+ tool.hoe_nickel:                          	keep-onei:[]
	+ tool.hoe_platinum:                        	keep-onei:[]
	+ tool.hoe_silver:                          	keep-onei:[]
	+ tool.hoe_steel:                           	keep-onei:[]
	+ tool.hoe_tin:                             	keep-onei:[]
	+ tool.pickaxe_aluminum:                    	keep-onei:[]
	+ tool.pickaxe_bronze:                      	keep-onei:[]
	+ tool.pickaxe_constantan:                  	keep-onei:[]
	+ tool.pickaxe_copper:                      	keep-onei:[]
	+ tool.pickaxe_electrum:                    	keep-onei:[]
	+ tool.pickaxe_invar:                       	keep-onei:[]
	+ tool.pickaxe_lead:                        	keep-onei:[]
	+ tool.pickaxe_nickel:                      	keep-onei:[]
	+ tool.pickaxe_platinum:                    	keep-onei:[]
	+ tool.pickaxe_silver:                      	keep-onei:[]
	+ tool.pickaxe_steel:                       	keep-onei:[]
	+ tool.pickaxe_tin:                         	keep-onei:[]
	+ tool.shears_aluminum:                     	keep-onei:[]
	+ tool.shears_bronze:                       	keep-onei:[]
	+ tool.shears_constantan:                   	keep-onei:[]
	+ tool.shears_copper:                       	keep-onei:[]
	+ tool.shears_diamond:                      	keep-onei:[]
	+ tool.shears_electrum:                     	keep-onei:[]
	+ tool.shears_gold:                         	keep-onei:[]
	+ tool.shears_invar:                        	keep-onei:[]
	+ tool.shears_lead:                         	keep-onei:[]
	+ tool.shears_nickel:                       	keep-onei:[]
	+ tool.shears_platinum:                     	keep-onei:[]
	+ tool.shears_silver:                       	keep-onei:[]
	+ tool.shears_steel:                        	keep-onei:[]
	+ tool.shears_stone:                        	keep-onei:[]
	+ tool.shears_tin:                          	keep-onei:[]
	+ tool.shears_wood:                         	keep-onei:[]
	+ tool.shield_aluminum:                     	keep-onei:[]
	+ tool.shield_bronze:                       	keep-onei:[]
	+ tool.shield_constantan:                   	keep-onei:[]
	+ tool.shield_copper:                       	keep-onei:[]
	+ tool.shield_diamond:                      	keep-onei:[]
	+ tool.shield_electrum:                     	keep-onei:[]
	+ tool.shield_gold:                         	keep-onei:[]
	+ tool.shield_invar:                        	keep-onei:[]
	+ tool.shield_iron:                         	keep-onei:[]
	+ tool.shield_lead:                         	keep-onei:[]
	+ tool.shield_nickel:                       	keep-onei:[]
	+ tool.shield_platinum:                     	keep-onei:[]
	+ tool.shield_silver:                       	keep-onei:[]
	+ tool.shield_steel:                        	keep-onei:[]
	+ tool.shield_stone:                        	keep-onei:[]
	+ tool.shield_tin:                          	keep-onei:[]
	+ tool.shovel_aluminum:                     	keep-onei:[]
	+ tool.shovel_bronze:                       	keep-onei:[]
	+ tool.shovel_constantan:                   	keep-onei:[]
	+ tool.shovel_copper:                       	keep-onei:[]
	+ tool.shovel_electrum:                     	keep-onei:[]
	+ tool.shovel_invar:                        	keep-onei:[]
	+ tool.shovel_lead:                         	keep-onei:[]
	+ tool.shovel_nickel:                       	keep-onei:[]
	+ tool.shovel_platinum:                     	keep-onei:[]
	+ tool.shovel_silver:                       	keep-onei:[]
	+ tool.shovel_steel:                        	keep-onei:[]
	+ tool.shovel_tin:                          	keep-onei:[]
	+ tool.sickle_aluminum:                     	keep-onei:[]
	+ tool.sickle_bronze:                       	keep-onei:[]
	+ tool.sickle_constantan:                   	keep-onei:[]
	+ tool.sickle_copper:                       	keep-onei:[]
	+ tool.sickle_diamond:                      	keep-onei:[]
	+ tool.sickle_electrum:                     	keep-onei:[]
	+ tool.sickle_gold:                         	keep-onei:[]
	+ tool.sickle_invar:                        	keep-onei:[]
	+ tool.sickle_iron:                         	keep-onei:[]
	+ tool.sickle_lead:                         	keep-onei:[]
	+ tool.sickle_nickel:                       	keep-onei:[]
	+ tool.sickle_platinum:                     	keep-onei:[]
	+ tool.sickle_silver:                       	keep-onei:[]
	+ tool.sickle_steel:                        	keep-onei:[]
	+ tool.sickle_stone:                        	keep-onei:[]
	+ tool.sickle_tin:                          	keep-onei:[]
	+ tool.sickle_wood:                         	keep-onei:[]
	+ tool.sword_aluminum:                      	keep-onei:[]
	+ tool.sword_bronze:                        	keep-onei:[]
	+ tool.sword_constantan:                    	keep-onei:[]
	+ tool.sword_copper:                        	keep-onei:[]
	+ tool.sword_electrum:                      	keep-onei:[]
	+ tool.sword_invar:                         	keep-onei:[]
	+ tool.sword_lead:                          	keep-onei:[]
	+ tool.sword_nickel:                        	keep-onei:[]
	+ tool.sword_platinum:                      	keep-onei:[]
	+ tool.sword_silver:                        	keep-onei:[]
	+ tool.sword_steel:                         	keep-onei:[]
	+ tool.sword_tin:                           	keep-onei:[]